<?xml version="1.0" encoding="UTF-8"?>
<!-- Generated by org.testng.reporters.JUnitXMLReporter -->
<testsuite ignored="0" hostname="Admin" failures="0" tests="3" name="Test2" time="13.686" errors="0" timestamp="01 Jul 2024 12:58:51 GMT">
  <testcase classname="com.comcast.crm.contacttest.CreateContacttest" name="CreateContact" time="13.634"/>
  <testcase classname="com.comcast.crm.contacttest.CreateContacttest" name="con" time="0.003"/>
  <testcase classname="com.comcast.crm.contacttest.CreateContacttest" name="connnect" time="0.002"/>
</testsuite> <!-- Test2 -->
