<?xml version="1.0" encoding="UTF-8"?>
<!-- Generated by org.testng.reporters.JUnitXMLReporter -->
<testsuite ignored="0" hostname="Admin" failures="0" tests="6" name="TestRunner-Chrome" time="54.329" errors="0" timestamp="02 Jul 2024 05:07:04 GMT">
  <testcase classname="com.comcast.crm.organizationtest.CreateOrganisation" name="CreateOrg" time="7.094"/>
  <testcase classname="com.comcast.crm.organizationtest.CreateOrganisation" name="createOrgWithIndustry" time="4.28"/>
  <testcase classname="com.comcast.crm.organizationtest.CreateOrganisation" name="createOrgWithPhno" time="4.901"/>
  <testcase classname="com.comcast.crm.contacttest.CreateContacttest" name="CreateContact" time="16.834"/>
  <testcase classname="com.comcast.crm.contacttest.CreateContacttest" name="con" time="0.007"/>
  <testcase classname="com.comcast.crm.contacttest.CreateContacttest" name="connnect" time="0.001"/>
</testsuite> <!-- TestRunner-Chrome -->
