<?xml version="1.0" encoding="UTF-8"?>
<!-- Generated by org.testng.reporters.JUnitXMLReporter -->
<testsuite ignored="0" hostname="Admin" failures="0" tests="6" name="TestRunner-Firefox" time="58.998" errors="0" timestamp="02 Jul 2024 05:07:09 GMT">
  <testcase classname="com.comcast.crm.organizationtest.CreateOrganisation" name="CreateOrg" time="6.383"/>
  <testcase classname="com.comcast.crm.organizationtest.CreateOrganisation" name="createOrgWithIndustry" time="5.279"/>
  <testcase classname="com.comcast.crm.organizationtest.CreateOrganisation" name="createOrgWithPhno" time="5.23"/>
  <testcase classname="com.comcast.crm.contacttest.CreateContacttest" name="CreateContact" time="12.359"/>
  <testcase classname="com.comcast.crm.contacttest.CreateContacttest" name="con" time="0.002"/>
  <testcase classname="com.comcast.crm.contacttest.CreateContacttest" name="connnect" time="0.004"/>
</testsuite> <!-- TestRunner-Firefox -->
