<?xml version="1.0" encoding="UTF-8"?>
<!-- Generated by org.testng.reporters.JUnitXMLReporter -->
<testsuite ignored="3" hostname="Admin" failures="0" tests="1" name="Test" time="13.393" errors="0" timestamp="2024-07-08T18:39:39 IST">
  <testcase classname="com.comcast.crm.organizationtest.CreateOrganisation" name="CreateOrg" time="4.796"/>
  <testcase classname="com.comcast.crm.organizationtest.CreateOrganisation" name="createOrgfailtest" time="0.0">
    <ignored/>
  </testcase> <!-- createOrgfailtest -->
  <testcase classname="com.comcast.crm.organizationtest.CreateOrganisation" name="createOrgWithIndustry" time="0.0">
    <ignored/>
  </testcase> <!-- createOrgWithIndustry -->
  <testcase classname="com.comcast.crm.organizationtest.CreateOrganisation" name="createOrgWithPhno" time="0.0">
    <ignored/>
  </testcase> <!-- createOrgWithPhno -->
</testsuite> <!-- Test -->
