<?xml version="1.0" encoding="UTF-8"?>
<!-- Generated by org.testng.reporters.JUnitXMLReporter -->
<testsuite ignored="0" hostname="Admin" failures="0" tests="3" name="Test1" time="24.992" errors="0" timestamp="01 Jul 2024 12:59:02 GMT">
  <testcase classname="com.comcast.crm.organizationtest.CreateOrganisation" name="CreateOrg" time="4.302"/>
  <testcase classname="com.comcast.crm.organizationtest.CreateOrganisation" name="createOrgWithIndustry" time="3.894"/>
  <testcase classname="com.comcast.crm.organizationtest.CreateOrganisation" name="createOrgWithPhno" time="3.591"/>
</testsuite> <!-- Test1 -->
